/home/tiger/.local/lib/python3.7/site-packages/torch/jit/_recursive.py:222: UserWarning: 'lat_layers' was found in ScriptModule constants,  but it is a non-constant submodule. Consider removing it.
  " but it is a non-constant {}. Consider removing it.".format(name, hint))
/home/tiger/.local/lib/python3.7/site-packages/torch/jit/_recursive.py:222: UserWarning: 'pred_layers' was found in ScriptModule constants,  but it is a non-constant submodule. Consider removing it.
  " but it is a non-constant {}. Consider removing it.".format(name, hint))
/home/tiger/.local/lib/python3.7/site-packages/torch/jit/_recursive.py:222: UserWarning: 'downsample_layers' was found in ScriptModule constants,  but it is a non-constant submodule. Consider removing it.
  " but it is a non-constant {}. Consider removing it.".format(name, hint))
  0%|          | 0/54 [00:00<?, ?it/s]loading annotations into memory...
Done (t=0.16s)
creating index...
index created!
loading annotations into memory...
Done (t=0.04s)
creating index...
index created!
[0, 1, 2, 3] [64, 128, 320, 512]
[0, 1, 2, 3, 4, 5]
loading distillation net, loading weights/19-1/19-1_0_old_teacher.pth...
loading expert net, loading weights/19-1/19-1_20expect_network.pth...
[0, 1, 2, 3] [64, 128, 320, 512]
[0, 1, 2, 3, 4, 5]
Initializing weights firstly...
Resuming training, loading weights/19-1/mix_transformer_2264_120000.pth...
resume iteration index: 120000
Begin training!


Computing validation mAP (this may take a while)...


Calculating mAP...
#################### Class: aeroplane ####################

       |  all  |  .50  |  .55  |  .60  |  .65  |  .70  |  .75  |  .80  |  .85  |  .90  |  .95  |
-------+-------+-------+-------+-------+-------+-------+-------+-------+-------+-------+-------+
   box |  1.08 |  5.56 |  3.30 |  1.39 |  0.40 |  0.15 |  0.00 |  0.00 |  0.00 |  0.00 |  0.00 |
  mask |  7.62 | 23.42 | 18.73 | 14.18 |  9.46 |  5.03 |  3.04 |  1.40 |  0.90 |  0.06 |  0.00 |
-------+-------+-------+-------+-------+-------+-------+-------+-------+-------+-------+-------+

#################### Class: bicycle ####################

       |  all  |  .50  |  .55  |  .60  |  .65  |  .70  |  .75  |  .80  |  .85  |  .90  |  .95  |
-------+-------+-------+-------+-------+-------+-------+-------+-------+-------+-------+-------+
   box |  0.63 |  3.21 |  2.15 |  0.77 |  0.10 |  0.03 |  0.03 |  0.00 |  0.00 |  0.00 |  0.00 |
  mask |  1.30 |  4.51 |  3.41 |  2.54 |  1.11 |  0.84 |  0.56 |  0.01 |  0.01 |  0.00 |  0.00 |
-------+-------+-------+-------+-------+-------+-------+-------+-------+-------+-------+-------+

#################### Class: bird ####################

       |  all  |  .50  |  .55  |  .60  |  .65  |  .70  |  .75  |  .80  |  .85  |  .90  |  .95  |
-------+-------+-------+-------+-------+-------+-------+-------+-------+-------+-------+-------+
   box |  0.15 |  0.61 |  0.47 |  0.24 |  0.16 |  0.03 |  0.00 |  0.00 |  0.00 |  0.00 |  0.00 |
  mask |  0.36 |  1.45 |  0.89 |  0.52 |  0.32 |  0.19 |  0.16 |  0.10 |  0.00 |  0.00 |  0.00 |
-------+-------+-------+-------+-------+-------+-------+-------+-------+-------+-------+-------+

#################### Class: boat ####################

       |  all  |  .50  |  .55  |  .60  |  .65  |  .70  |  .75  |  .80  |  .85  |  .90  |  .95  |
-------+-------+-------+-------+-------+-------+-------+-------+-------+-------+-------+-------+
   box |  0.06 |  0.30 |  0.14 |  0.13 |  0.06 |  0.01 |  0.01 |  0.00 |  0.00 |  0.00 |  0.00 |
  mask |  0.32 |  1.25 |  0.90 |  0.45 |  0.39 |  0.13 |  0.06 |  0.02 |  0.01 |  0.00 |  0.00 |
-------+-------+-------+-------+-------+-------+-------+-------+-------+-------+-------+-------+

#################### Class: bottle ####################

       |  all  |  .50  |  .55  |  .60  |  .65  |  .70  |  .75  |  .80  |  .85  |  .90  |  .95  |
-------+-------+-------+-------+-------+-------+-------+-------+-------+-------+-------+-------+
   box |  2.52 |  8.25 |  5.88 |  4.36 |  3.35 |  2.26 |  0.87 |  0.21 |  0.01 |  0.01 |  0.00 |
  mask |  3.32 | 11.36 |  7.29 |  6.19 |  4.00 |  2.12 |  1.16 |  0.78 |  0.27 |  0.00 |  0.00 |
-------+-------+-------+-------+-------+-------+-------+-------+-------+-------+-------+-------+

#################### Class: bus ####################

       |  all  |  .50  |  .55  |  .60  |  .65  |  .70  |  .75  |  .80  |  .85  |  .90  |  .95  |
-------+-------+-------+-------+-------+-------+-------+-------+-------+-------+-------+-------+
   box |  8.14 | 36.49 | 20.59 | 13.76 |  7.49 |  2.29 |  0.77 |  0.02 |  0.02 |  0.00 |  0.00 |
  mask | 15.23 | 45.27 | 40.80 | 24.82 | 20.89 | 11.91 |  5.31 |  2.76 |  0.38 |  0.14 |  0.02 |
-------+-------+-------+-------+-------+-------+-------+-------+-------+-------+-------+-------+

#################### Class: car ####################

       |  all  |  .50  |  .55  |  .60  |  .65  |  .70  |  .75  |  .80  |  .85  |  .90  |  .95  |
-------+-------+-------+-------+-------+-------+-------+-------+-------+-------+-------+-------+
   box |  2.74 |  8.10 |  6.68 |  4.45 |  3.52 |  1.88 |  1.46 |  1.20 |  0.07 |  0.00 |  0.00 |
  mask |  3.69 |  8.99 |  8.20 |  6.30 |  5.33 |  3.73 |  1.96 |  1.67 |  0.64 |  0.06 |  0.00 |
-------+-------+-------+-------+-------+-------+-------+-------+-------+-------+-------+-------+

#################### Class: cat ####################

       |  all  |  .50  |  .55  |  .60  |  .65  |  .70  |  .75  |  .80  |  .85  |  .90  |  .95  |
-------+-------+-------+-------+-------+-------+-------+-------+-------+-------+-------+-------+
   box | 17.24 | 56.87 | 44.07 | 32.01 | 21.72 | 11.47 |  4.47 |  1.64 |  0.11 |  0.03 |  0.00 |
  mask | 32.50 | 67.21 | 63.25 | 53.29 | 43.27 | 37.88 | 28.36 | 20.25 |  8.78 |  2.69 |  0.05 |
-------+-------+-------+-------+-------+-------+-------+-------+-------+-------+-------+-------+

#################### Class: chair ####################

       |  all  |  .50  |  .55  |  .60  |  .65  |  .70  |  .75  |  .80  |  .85  |  .90  |  .95  |
-------+-------+-------+-------+-------+-------+-------+-------+-------+-------+-------+-------+
   box |  0.25 |  0.78 |  0.61 |  0.50 |  0.43 |  0.13 |  0.09 |  0.01 |  0.00 |  0.00 |  0.00 |
  mask |  0.32 |  0.84 |  0.65 |  0.55 |  0.44 |  0.36 |  0.33 |  0.00 |  0.00 |  0.00 |  0.00 |
-------+-------+-------+-------+-------+-------+-------+-------+-------+-------+-------+-------+

#################### Class: cow ####################

       |  all  |  .50  |  .55  |  .60  |  .65  |  .70  |  .75  |  .80  |  .85  |  .90  |  .95  |
-------+-------+-------+-------+-------+-------+-------+-------+-------+-------+-------+-------+
   box |  0.94 |  3.34 |  2.56 |  1.60 |  1.38 |  0.20 |  0.20 |  0.11 |  0.00 |  0.00 |  0.00 |
  mask |  1.29 |  3.48 |  2.74 |  2.45 |  2.29 |  0.88 |  0.71 |  0.25 |  0.08 |  0.00 |  0.00 |
-------+-------+-------+-------+-------+-------+-------+-------+-------+-------+-------+-------+

#################### Class: diningtable ####################

       |  all  |  .50  |  .55  |  .60  |  .65  |  .70  |  .75  |  .80  |  .85  |  .90  |  .95  |
-------+-------+-------+-------+-------+-------+-------+-------+-------+-------+-------+-------+
   box |  3.32 | 14.57 |  7.20 |  5.42 |  4.26 |  1.50 |  0.17 |  0.03 |  0.00 |  0.00 |  0.00 |
  mask |  5.74 | 21.67 | 14.63 | 10.37 |  6.48 |  2.84 |  0.92 |  0.45 |  0.06 |  0.00 |  0.00 |
-------+-------+-------+-------+-------+-------+-------+-------+-------+-------+-------+-------+

#################### Class: dog ####################

       |  all  |  .50  |  .55  |  .60  |  .65  |  .70  |  .75  |  .80  |  .85  |  .90  |  .95  |
-------+-------+-------+-------+-------+-------+-------+-------+-------+-------+-------+-------+
   box |  2.43 | 11.21 |  6.45 |  3.75 |  1.76 |  0.67 |  0.35 |  0.10 |  0.00 |  0.00 |  0.00 |
  mask |  5.04 | 17.20 | 13.76 |  8.85 |  5.48 |  2.67 |  1.58 |  0.74 |  0.13 |  0.01 |  0.00 |
-------+-------+-------+-------+-------+-------+-------+-------+-------+-------+-------+-------+

#################### Class: horse ####################

       |  all  |  .50  |  .55  |  .60  |  .65  |  .70  |  .75  |  .80  |  .85  |  .90  |  .95  |
-------+-------+-------+-------+-------+-------+-------+-------+-------+-------+-------+-------+
   box |  7.57 | 28.14 | 18.64 | 13.16 |  7.95 |  5.55 |  1.69 |  0.53 |  0.00 |  0.00 |  0.00 |
  mask |  6.89 | 17.39 | 14.50 | 11.61 | 10.45 |  7.95 |  4.45 |  2.45 |  0.11 |  0.00 |  0.00 |
-------+-------+-------+-------+-------+-------+-------+-------+-------+-------+-------+-------+

#################### Class: motorbike ####################

       |  all  |  .50  |  .55  |  .60  |  .65  |  .70  |  .75  |  .80  |  .85  |  .90  |  .95  |
-------+-------+-------+-------+-------+-------+-------+-------+-------+-------+-------+-------+
   box |  8.12 | 25.35 | 20.58 | 13.01 | 10.55 |  5.41 |  3.66 |  2.38 |  0.11 |  0.10 |  0.00 |
  mask | 11.71 | 36.33 | 30.73 | 21.18 | 13.82 |  6.69 |  3.93 |  2.33 |  2.03 |  0.01 |  0.00 |
-------+-------+-------+-------+-------+-------+-------+-------+-------+-------+-------+-------+

#################### Class: person ####################

       |  all  |  .50  |  .55  |  .60  |  .65  |  .70  |  .75  |  .80  |  .85  |  .90  |  .95  |
-------+-------+-------+-------+-------+-------+-------+-------+-------+-------+-------+-------+
   box |  2.34 |  6.38 |  5.59 |  4.42 |  3.19 |  2.03 |  1.31 |  0.31 |  0.10 |  0.02 |  0.00 |
  mask |  2.52 |  6.61 |  5.34 |  4.50 |  3.40 |  2.49 |  1.71 |  0.76 |  0.34 |  0.08 |  0.01 |
-------+-------+-------+-------+-------+-------+-------+-------+-------+-------+-------+-------+

#################### Class: pottedplant ####################

       |  all  |  .50  |  .55  |  .60  |  .65  |  .70  |  .75  |  .80  |  .85  |  .90  |  .95  |
-------+-------+-------+-------+-------+-------+-------+-------+-------+-------+-------+-------+
   box |  3.94 | 12.37 | 10.48 |  8.29 |  4.55 |  2.27 |  1.38 |  0.06 |  0.01 |  0.00 |  0.00 |
  mask |  4.87 | 17.34 | 12.14 |  9.88 |  4.95 |  2.53 |  1.41 |  0.44 |  0.05 |  0.00 |  0.00 |
-------+-------+-------+-------+-------+-------+-------+-------+-------+-------+-------+-------+

#################### Class: sheep ####################

       |  all  |  .50  |  .55  |  .60  |  .65  |  .70  |  .75  |  .80  |  .85  |  .90  |  .95  |
-------+-------+-------+-------+-------+-------+-------+-------+-------+-------+-------+-------+
   box |  0.05 |  0.19 |  0.11 |  0.08 |  0.07 |  0.03 |  0.00 |  0.00 |  0.00 |  0.00 |  0.00 |
  mask |  0.14 |  0.56 |  0.46 |  0.19 |  0.16 |  0.05 |  0.01 |  0.00 |  0.00 |  0.00 |  0.00 |
-------+-------+-------+-------+-------+-------+-------+-------+-------+-------+-------+-------+

#################### Class: sofa ####################

       |  all  |  .50  |  .55  |  .60  |  .65  |  .70  |  .75  |  .80  |  .85  |  .90  |  .95  |
-------+-------+-------+-------+-------+-------+-------+-------+-------+-------+-------+-------+
   box | 11.56 | 34.94 | 27.08 | 18.21 | 14.75 |  9.75 |  6.03 |  2.34 |  1.27 |  0.69 |  0.50 |
  mask | 17.64 | 35.86 | 32.41 | 27.40 | 25.41 | 20.00 | 16.48 | 10.14 |  6.07 |  1.95 |  0.73 |
-------+-------+-------+-------+-------+-------+-------+-------+-------+-------+-------+-------+

#################### Class: train ####################

       |  all  |  .50  |  .55  |  .60  |  .65  |  .70  |  .75  |  .80  |  .85  |  .90  |  .95  |
-------+-------+-------+-------+-------+-------+-------+-------+-------+-------+-------+-------+
   box |  2.03 |  9.39 |  7.18 |  2.40 |  0.78 |  0.34 |  0.15 |  0.08 |  0.00 |  0.00 |  0.00 |
  mask |  6.26 | 23.38 | 15.30 | 11.20 |  8.21 |  2.33 |  1.23 |  0.58 |  0.31 |  0.03 |  0.00 |
-------+-------+-------+-------+-------+-------+-------+-------+-------+-------+-------+-------+

#################### Class: tvmonitor ####################

       |  all  |  .50  |  .55  |  .60  |  .65  |  .70  |  .75  |  .80  |  .85  |  .90  |  .95  |
-------+-------+-------+-------+-------+-------+-------+-------+-------+-------+-------+-------+
   box | 29.33 | 43.98 | 43.12 | 42.06 | 40.09 | 38.15 | 32.70 | 25.50 | 18.53 |  8.85 |  0.28 |
  mask | 30.62 | 42.82 | 42.64 | 41.72 | 39.94 | 37.64 | 34.39 | 30.06 | 24.43 |  9.82 |  2.72 |
-------+-------+-------+-------+-------+-------+-------+-------+-------+-------+-------+-------+

#################### All Classes ####################

       |  all  |  .50  |  .55  |  .60  |  .65  |  .70  |  .75  |  .80  |  .85  |  .90  |  .95  |
-------+-------+-------+-------+-------+-------+-------+-------+-------+-------+-------+-------+
   box |  5.22 | 15.50 | 11.64 |  8.50 |  6.33 |  4.21 |  2.77 |  1.73 |  1.01 |  0.49 |  0.04 |
  mask |  7.87 | 19.35 | 16.44 | 12.91 | 10.29 |  7.41 |  5.39 |  3.76 |  2.23 |  0.74 |  0.18 |
-------+-------+-------+-------+-------+-------+-------+-------+-------+-------+-------+-------+

  0%|          | 0/54 [03:15<?, ?it/s]
