{"type": "session", "session": 0, "data": {"autoscale": true, "batch_alloc": null, "batch_size": 32, "config": "yolact_resnet50_pascal_config_init", "cuda": true, "dataset": null, "decay": 0.0005, "distillation": false, "extend_class": 0, "gamma": 0.1, "interrupt": true, "keep_latest": false, "keep_latest_interval": 100000, "load_distillation_net": null, "log": true, "log_folder": "logs/", "log_gpu": false, "lr": 0.0002, "momentum": 0.9, "num_workers": 6, "resume": null, "save_folder": "weights/1-19/", "save_interval": 10000, "start_iter": -1, "validation_epoch": 100000, "validation_size": 5000}, "time": 1638436258.8240397}
{"type": "session", "session": 1, "data": {"autoscale": true, "batch_alloc": null, "batch_size": 32, "config": "yolact_resnet50_pascal_config_init", "cuda": true, "dataset": null, "decay": 0.0005, "distillation": true, "extend_class": 1, "gamma": 0.1, "interrupt": true, "keep_latest": false, "keep_latest_interval": 100000, "load_distillation_net": "weights/1-19/yolact_resnet50_pascal_114_120000.pth", "load_expert_net": "weights/20/yolact_resnet50_pascal_943_50000.pth", "log": true, "log_folder": "logs/", "log_gpu": false, "lr": 0.0002, "momentum": 0.9, "num_workers": 4, "resume": "weights/1-19/yolact_resnet50_pascal_114_120000.pth", "save_folder": "weights/19+1/", "save_interval": 10000, "start_iter": 0, "validation_epoch": 100000, "validation_size": 5000}, "time": 1638436265.0506203}
{"type": "session", "session": 2, "data": {"autoscale": true, "batch_alloc": null, "batch_size": 32, "config": "yolact_resnet50_pascal_config_init", "cuda": true, "dataset": null, "decay": 0.0005, "distillation": false, "extend_class": 0, "gamma": 0.1, "interrupt": true, "keep_latest": false, "keep_latest_interval": 100000, "load_distillation_net": null, "log": true, "log_folder": "logs/", "log_gpu": false, "lr": 0.0002, "momentum": 0.9, "num_workers": 6, "resume": null, "save_folder": "weights/1-19/", "save_interval": 10000, "start_iter": -1, "validation_epoch": 100000, "validation_size": 5000}, "time": 1638436800.4871383}
{"type": "session", "session": 3, "data": {"autoscale": true, "batch_alloc": null, "batch_size": 32, "config": "yolact_resnet50_pascal_config_init", "cuda": true, "dataset": null, "decay": 0.0005, "distillation": true, "extend_class": 1, "gamma": 0.1, "interrupt": true, "keep_latest": false, "keep_latest_interval": 100000, "load_distillation_net": "weights/1-19/yolact_resnet50_pascal_114_120000.pth", "load_expert_net": "weights/20/yolact_resnet50_pascal_943_50000.pth", "log": true, "log_folder": "logs/", "log_gpu": false, "lr": 0.0002, "momentum": 0.9, "num_workers": 4, "resume": "weights/1-19/yolact_resnet50_pascal_114_120000.pth", "save_folder": "weights/19+1/", "save_interval": 10000, "start_iter": 0, "validation_epoch": 100000, "validation_size": 5000}, "time": 1638436807.6288016}
{"type": "session", "session": 4, "data": {"autoscale": true, "batch_alloc": null, "batch_size": 32, "config": "yolact_resnet50_pascal_config_init", "cuda": true, "dataset": null, "decay": 0.0005, "distillation": false, "extend_class": 0, "gamma": 0.1, "interrupt": true, "keep_latest": false, "keep_latest_interval": 100000, "load_distillation_net": null, "log": true, "log_folder": "logs/", "log_gpu": false, "lr": 0.0002, "momentum": 0.9, "num_workers": 6, "resume": null, "save_folder": "weights/1-19/", "save_interval": 10000, "start_iter": -1, "validation_epoch": 100000, "validation_size": 5000}, "time": 1638436854.3111253}
{"type": "session", "session": 5, "data": {"autoscale": true, "batch_alloc": null, "batch_size": 32, "config": "yolact_resnet50_pascal_config_init", "cuda": true, "dataset": null, "decay": 0.0005, "distillation": true, "extend_class": 1, "gamma": 0.1, "interrupt": true, "keep_latest": false, "keep_latest_interval": 100000, "load_distillation_net": "weights/1-19/yolact_resnet50_pascal_114_120000.pth", "load_expert_net": "weights/20/yolact_resnet50_pascal_943_50000.pth", "log": true, "log_folder": "logs/", "log_gpu": false, "lr": 0.0002, "momentum": 0.9, "num_workers": 4, "resume": "weights/1-19/yolact_resnet50_pascal_114_120000.pth", "save_folder": "weights/19+1/", "save_interval": 10000, "start_iter": 0, "validation_epoch": 100000, "validation_size": 5000}, "time": 1638436862.3849304}
{"type": "session", "session": 6, "data": {"autoscale": true, "batch_alloc": null, "batch_size": 32, "config": "yolact_resnet50_pascal_config_init", "cuda": true, "dataset": null, "decay": 0.0005, "distillation": false, "extend_class": 0, "gamma": 0.1, "interrupt": true, "keep_latest": false, "keep_latest_interval": 100000, "load_distillation_net": null, "log": true, "log_folder": "logs/", "log_gpu": false, "lr": 0.0002, "momentum": 0.9, "num_workers": 6, "resume": null, "save_folder": "weights/1-19/", "save_interval": 10000, "start_iter": -1, "validation_epoch": 100000, "validation_size": 5000}, "time": 1638437029.7249868}
{"type": "train", "session": 6, "data": {"loss": {"B": 5.40088, "M": 5.55222, "C": 23.63843, "S": 14.61072, "T": 49.20225}, "epoch": 0, "iter": 0, "lr": 5e-05, "elapsed": 14.472765922546387}, "time": 1638437045.6719618}
{"type": "train", "session": 6, "data": {"loss": {"B": 5.57869, "M": 5.59896, "C": 21.93474, "S": 14.53012, "T": 47.64251}, "epoch": 0, "iter": 1, "lr": 5.03e-05, "elapsed": 1.0972089767456055}, "time": 1638437046.7631972}
{"type": "train", "session": 6, "data": {"loss": {"B": 5.44883, "M": 5.55346, "C": 19.31684, "S": 14.00917, "T": 44.3283}, "epoch": 0, "iter": 2, "lr": 5.06e-05, "elapsed": 0.9831023216247559}, "time": 1638437047.7463117}
{"type": "train", "session": 6, "data": {"loss": {"B": 5.45788, "M": 5.42531, "C": 17.19757, "S": 13.42099, "T": 41.50175}, "epoch": 0, "iter": 3, "lr": 5.09e-05, "elapsed": 0.8365042209625244}, "time": 1638437048.582799}
{"type": "train", "session": 6, "data": {"loss": {"B": 5.27921, "M": 5.28168, "C": 15.46976, "S": 12.75812, "T": 38.78878}, "epoch": 0, "iter": 4, "lr": 5.12e-05, "elapsed": 0.885883092880249}, "time": 1638437049.4687166}
{"type": "train", "session": 6, "data": {"loss": {"B": 5.04315, "M": 5.09372, "C": 14.38361, "S": 12.13411, "T": 36.65459}, "epoch": 0, "iter": 5, "lr": 5.15e-05, "elapsed": 0.86441969871521}, "time": 1638437050.3331385}
{"type": "train", "session": 6, "data": {"loss": {"B": 4.823, "M": 5.04729, "C": 14.05219, "S": 11.42202, "T": 35.34449}, "epoch": 0, "iter": 6, "lr": 5.18e-05, "elapsed": 0.8926689624786377}, "time": 1638437051.2256966}
{"type": "train", "session": 6, "data": {"loss": {"B": 4.74927, "M": 4.93098, "C": 13.73755, "S": 10.76965, "T": 34.18746}, "epoch": 0, "iter": 7, "lr": 5.21e-05, "elapsed": 0.813493013381958}, "time": 1638437052.0392613}
{"type": "train", "session": 6, "data": {"loss": {"B": 4.93295, "M": 4.97018, "C": 13.34089, "S": 10.01856, "T": 33.26258}, "epoch": 0, "iter": 8, "lr": 5.24e-05, "elapsed": 0.8744664192199707}, "time": 1638437052.9137816}
{"type": "train", "session": 6, "data": {"loss": {"B": 5.31469, "M": 5.32983, "C": 13.1266, "S": 9.43656, "T": 33.20767}, "epoch": 0, "iter": 9, "lr": 5.27e-05, "elapsed": 1.3148283958435059}, "time": 1638437054.2285745}
{"type": "train", "session": 6, "data": {"loss": {"B": 4.66197, "M": 4.79016, "C": 12.98653, "S": 8.77462, "T": 31.21328}, "epoch": 0, "iter": 10, "lr": 5.3e-05, "elapsed": 0.8988049030303955}, "time": 1638437055.1275187}
{"type": "train", "session": 6, "data": {"loss": {"B": 4.47919, "M": 4.86017, "C": 12.50887, "S": 8.26045, "T": 30.10868}, "epoch": 0, "iter": 11, "lr": 5.33e-05, "elapsed": 0.9035294055938721}, "time": 1638437056.0309582}
{"type": "train", "session": 6, "data": {"loss": {"B": 4.55053, "M": 5.0593, "C": 12.41135, "S": 7.68949, "T": 29.71068}, "epoch": 0, "iter": 12, "lr": 5.36e-05, "elapsed": 0.8410930633544922}, "time": 1638437056.872065}
{"type": "train", "session": 6, "data": {"loss": {"B": 4.42387, "M": 4.7819, "C": 12.01385, "S": 7.2041, "T": 28.42373}, "epoch": 0, "iter": 13, "lr": 5.39e-05, "elapsed": 0.9071547985076904}, "time": 1638437057.7791266}
{"type": "train", "session": 6, "data": {"loss": {"B": 4.85528, "M": 5.15015, "C": 12.28472, "S": 6.58278, "T": 28.87294}, "epoch": 0, "iter": 14, "lr": 5.42e-05, "elapsed": 0.936835527420044}, "time": 1638437058.7159123}
{"type": "train", "session": 6, "data": {"loss": {"B": 5.01186, "M": 5.44041, "C": 11.78703, "S": 6.09493, "T": 28.33423}, "epoch": 0, "iter": 15, "lr": 5.45e-05, "elapsed": 0.8912656307220459}, "time": 1638437059.607271}
{"type": "train", "session": 6, "data": {"loss": {"B": 4.58546, "M": 5.12441, "C": 12.10167, "S": 5.78842, "T": 27.59996}, "epoch": 0, "iter": 16, "lr": 5.48e-05, "elapsed": 0.7916436195373535}, "time": 1638437060.3988008}
{"type": "train", "session": 6, "data": {"loss": {"B": 4.17111, "M": 4.94212, "C": 11.57411, "S": 5.40053, "T": 26.08787}, "epoch": 0, "iter": 17, "lr": 5.51e-05, "elapsed": 0.8245110511779785}, "time": 1638437061.2234035}
{"type": "train", "session": 6, "data": {"loss": {"B": 4.60207, "M": 4.90569, "C": 11.4719, "S": 5.02184, "T": 26.00151}, "epoch": 0, "iter": 18, "lr": 5.54e-05, "elapsed": 0.7905421257019043}, "time": 1638437062.0138774}
{"type": "train", "session": 6, "data": {"loss": {"B": 4.48681, "M": 5.14157, "C": 11.48718, "S": 4.74161, "T": 25.85717}, "epoch": 0, "iter": 19, "lr": 5.57e-05, "elapsed": 0.9181063175201416}, "time": 1638437062.9321294}
{"type": "train", "session": 6, "data": {"loss": {"B": 4.40276, "M": 4.66473, "C": 11.15963, "S": 4.43263, "T": 24.65974}, "epoch": 0, "iter": 20, "lr": 5.6e-05, "elapsed": 0.934455156326294}, "time": 1638437063.8670318}
{"type": "train", "session": 6, "data": {"loss": {"B": 4.4084, "M": 4.86073, "C": 11.18013, "S": 4.22768, "T": 24.67694}, "epoch": 0, "iter": 21, "lr": 5.63e-05, "elapsed": 0.9927759170532227}, "time": 1638437064.8593454}
{"type": "train", "session": 6, "data": {"loss": {"B": 4.05346, "M": 5.07518, "C": 11.01818, "S": 3.79154, "T": 23.93837}, "epoch": 0, "iter": 22, "lr": 5.66e-05, "elapsed": 0.8274154663085938}, "time": 1638437065.6867046}
{"type": "train", "session": 6, "data": {"loss": {"B": 4.12295, "M": 4.5087, "C": 10.71959, "S": 3.83283, "T": 23.18407}, "epoch": 0, "iter": 23, "lr": 5.69e-05, "elapsed": 0.7843399047851562}, "time": 1638437066.4709442}
{"type": "train", "session": 6, "data": {"loss": {"B": 4.34255, "M": 4.79072, "C": 11.05486, "S": 3.55265, "T": 23.74078}, "epoch": 0, "iter": 24, "lr": 5.72e-05, "elapsed": 0.734771728515625}, "time": 1638437067.2057977}
{"type": "train", "session": 6, "data": {"loss": {"B": 4.19633, "M": 5.16568, "C": 10.67764, "S": 3.24392, "T": 23.28357}, "epoch": 0, "iter": 25, "lr": 5.75e-05, "elapsed": 0.8400938510894775}, "time": 1638437068.0459175}
{"type": "train", "session": 6, "data": {"loss": {"B": 3.69081, "M": 4.58559, "C": 10.66357, "S": 3.38107, "T": 22.32104}, "epoch": 0, "iter": 26, "lr": 5.78e-05, "elapsed": 0.7681801319122314}, "time": 1638437068.8140707}
{"type": "train", "session": 6, "data": {"loss": {"B": 3.89305, "M": 4.72403, "C": 10.48548, "S": 2.95527, "T": 22.05783}, "epoch": 0, "iter": 27, "lr": 5.81e-05, "elapsed": 0.9034366607666016}, "time": 1638437069.7174919}
{"type": "train", "session": 6, "data": {"loss": {"B": 3.95293, "M": 4.63855, "C": 10.41144, "S": 2.95842, "T": 21.96133}, "epoch": 0, "iter": 28, "lr": 5.84e-05, "elapsed": 0.9029715061187744}, "time": 1638437070.6205637}
{"type": "train", "session": 6, "data": {"loss": {"B": 4.3259, "M": 4.83279, "C": 10.35166, "S": 2.77801, "T": 22.28836}, "epoch": 0, "iter": 29, "lr": 5.87e-05, "elapsed": 0.864856481552124}, "time": 1638437071.4853814}
{"type": "train", "session": 6, "data": {"loss": {"B": 4.17531, "M": 4.60525, "C": 10.07314, "S": 2.78111, "T": 21.6348}, "epoch": 0, "iter": 30, "lr": 5.9e-05, "elapsed": 0.8105924129486084}, "time": 1638437072.296145}
{"type": "train", "session": 6, "data": {"loss": {"B": 4.5103, "M": 4.70039, "C": 9.81516, "S": 2.29227, "T": 21.31812}, "epoch": 0, "iter": 31, "lr": 5.93e-05, "elapsed": 0.7531301975250244}, "time": 1638437073.049051}
{"type": "train", "session": 6, "data": {"loss": {"B": 4.4289, "M": 4.74005, "C": 10.39466, "S": 2.52286, "T": 22.08647}, "epoch": 0, "iter": 32, "lr": 5.96e-05, "elapsed": 0.8862252235412598}, "time": 1638437073.9352655}
{"type": "train", "session": 6, "data": {"loss": {"B": 4.06129, "M": 4.69261, "C": 10.09534, "S": 2.4214, "T": 21.27064}, "epoch": 0, "iter": 33, "lr": 5.99e-05, "elapsed": 0.7949068546295166}, "time": 1638437074.7301388}
{"type": "session", "session": 7, "data": {"autoscale": true, "batch_alloc": null, "batch_size": 32, "config": "yolact_resnet50_pascal_config_init", "cuda": true, "dataset": null, "decay": 0.0005, "distillation": false, "extend_class": 0, "gamma": 0.1, "interrupt": true, "keep_latest": false, "keep_latest_interval": 100000, "load_distillation_net": null, "log": true, "log_folder": "logs/", "log_gpu": false, "lr": 0.0002, "momentum": 0.9, "num_workers": 6, "resume": null, "save_folder": "weights/1-19/", "save_interval": 10000, "start_iter": -1, "validation_epoch": 100000, "validation_size": 5000}, "time": 1638437791.7940307}
{"type": "train", "session": 7, "data": {"loss": {"B": 5.60546, "M": 5.29786, "C": 24.64085, "S": 13.50889, "T": 49.05307}, "epoch": 0, "iter": 0, "lr": 5e-05, "elapsed": 17.054874181747437}, "time": 1638437809.5012589}
{"type": "train", "session": 7, "data": {"loss": {"B": 5.66259, "M": 5.22283, "C": 20.97429, "S": 13.31413, "T": 45.17384}, "epoch": 0, "iter": 1, "lr": 5.03e-05, "elapsed": 0.48988866806030273}, "time": 1638437809.9909685}
{"type": "train", "session": 7, "data": {"loss": {"B": 5.73981, "M": 5.17332, "C": 17.6216, "S": 12.96635, "T": 41.50108}, "epoch": 0, "iter": 2, "lr": 5.06e-05, "elapsed": 0.48920416831970215}, "time": 1638437810.4801807}
{"type": "train", "session": 7, "data": {"loss": {"B": 5.13625, "M": 5.08314, "C": 16.7547, "S": 12.65335, "T": 39.62745}, "epoch": 0, "iter": 3, "lr": 5.09e-05, "elapsed": 0.4977993965148926}, "time": 1638437810.978046}
{"type": "train", "session": 7, "data": {"loss": {"B": 5.26149, "M": 5.05811, "C": 15.52185, "S": 12.15289, "T": 37.99435}, "epoch": 0, "iter": 4, "lr": 5.12e-05, "elapsed": 0.5758628845214844}, "time": 1638437811.5539236}
{"type": "train", "session": 7, "data": {"loss": {"B": 6.00092, "M": 5.64267, "C": 14.60394, "S": 11.53473, "T": 37.78225}, "epoch": 0, "iter": 5, "lr": 5.15e-05, "elapsed": 0.5897762775421143}, "time": 1638437812.1436427}
{"type": "train", "session": 7, "data": {"loss": {"B": 5.35197, "M": 4.7961, "C": 14.15172, "S": 10.94846, "T": 35.24825}, "epoch": 0, "iter": 6, "lr": 5.18e-05, "elapsed": 0.5608608722686768}, "time": 1638437812.7046154}
{"type": "train", "session": 7, "data": {"loss": {"B": 5.09504, "M": 5.30807, "C": 13.73113, "S": 10.54418, "T": 34.67843}, "epoch": 0, "iter": 7, "lr": 5.21e-05, "elapsed": 0.5920460224151611}, "time": 1638437813.2965474}
{"type": "train", "session": 7, "data": {"loss": {"B": 5.51494, "M": 5.61293, "C": 13.72404, "S": 9.95987, "T": 34.81178}, "epoch": 0, "iter": 8, "lr": 5.24e-05, "elapsed": 0.5381572246551514}, "time": 1638437813.8346903}
{"type": "train", "session": 7, "data": {"loss": {"B": 5.11052, "M": 5.00442, "C": 13.5006, "S": 9.38414, "T": 32.99968}, "epoch": 0, "iter": 9, "lr": 5.27e-05, "elapsed": 0.5105962753295898}, "time": 1638437814.3453047}
{"type": "train", "session": 7, "data": {"loss": {"B": 4.98549, "M": 5.03976, "C": 13.02389, "S": 8.92183, "T": 31.97097}, "epoch": 0, "iter": 10, "lr": 5.3e-05, "elapsed": 0.6831197738647461}, "time": 1638437815.0291493}
{"type": "train", "session": 7, "data": {"loss": {"B": 5.19441, "M": 4.87386, "C": 12.90666, "S": 8.37124, "T": 31.34617}, "epoch": 0, "iter": 11, "lr": 5.33e-05, "elapsed": 0.6048238277435303}, "time": 1638437815.63324}
{"type": "train", "session": 7, "data": {"loss": {"B": 5.07811, "M": 5.10916, "C": 12.35308, "S": 7.84406, "T": 30.38441}, "epoch": 0, "iter": 12, "lr": 5.36e-05, "elapsed": 0.5454502105712891}, "time": 1638437816.1787257}
{"type": "train", "session": 7, "data": {"loss": {"B": 4.58963, "M": 5.00357, "C": 12.3404, "S": 7.3996, "T": 29.33321}, "epoch": 0, "iter": 13, "lr": 5.39e-05, "elapsed": 0.6200568675994873}, "time": 1638437816.7987618}
{"type": "train", "session": 7, "data": {"loss": {"B": 4.7529, "M": 4.79967, "C": 12.13713, "S": 7.02952, "T": 28.71921}, "epoch": 0, "iter": 14, "lr": 5.42e-05, "elapsed": 0.4794442653656006}, "time": 1638437817.278205}
{"type": "train", "session": 7, "data": {"loss": {"B": 4.67545, "M": 4.87399, "C": 12.0894, "S": 6.54172, "T": 28.18056}, "epoch": 0, "iter": 15, "lr": 5.45e-05, "elapsed": 0.5527570247650146}, "time": 1638437817.830973}
{"type": "train", "session": 7, "data": {"loss": {"B": 5.06091, "M": 5.11262, "C": 11.94484, "S": 6.14322, "T": 28.26158}, "epoch": 0, "iter": 16, "lr": 5.48e-05, "elapsed": 0.6105217933654785}, "time": 1638437818.4414747}
{"type": "train", "session": 7, "data": {"loss": {"B": 4.38085, "M": 4.80795, "C": 11.81356, "S": 5.85687, "T": 26.85923}, "epoch": 0, "iter": 17, "lr": 5.51e-05, "elapsed": 0.6939055919647217}, "time": 1638437819.1354253}
{"type": "train", "session": 7, "data": {"loss": {"B": 4.73708, "M": 4.99336, "C": 11.92664, "S": 5.45417, "T": 27.11124}, "epoch": 0, "iter": 18, "lr": 5.54e-05, "elapsed": 0.5668783187866211}, "time": 1638437819.7022874}
{"type": "train", "session": 7, "data": {"loss": {"B": 4.69674, "M": 4.84732, "C": 11.62392, "S": 5.06189, "T": 26.22988}, "epoch": 0, "iter": 19, "lr": 5.57e-05, "elapsed": 0.5173795223236084}, "time": 1638437820.2196736}
{"type": "train", "session": 7, "data": {"loss": {"B": 4.77713, "M": 4.50998, "C": 11.36073, "S": 5.00765, "T": 25.65548}, "epoch": 0, "iter": 20, "lr": 5.6e-05, "elapsed": 0.569746732711792}, "time": 1638437820.7895923}
{"type": "train", "session": 7, "data": {"loss": {"B": 4.21908, "M": 4.83619, "C": 11.14087, "S": 4.53583, "T": 24.73197}, "epoch": 0, "iter": 21, "lr": 5.63e-05, "elapsed": 0.5496699810028076}, "time": 1638437821.3390718}
{"type": "train", "session": 7, "data": {"loss": {"B": 4.26663, "M": 4.90224, "C": 10.93145, "S": 4.2951, "T": 24.39542}, "epoch": 0, "iter": 22, "lr": 5.66e-05, "elapsed": 0.6451816558837891}, "time": 1638437821.9842153}
{"type": "train", "session": 7, "data": {"loss": {"B": 4.29755, "M": 4.78743, "C": 11.22303, "S": 4.02201, "T": 24.33002}, "epoch": 0, "iter": 23, "lr": 5.69e-05, "elapsed": 0.5627031326293945}, "time": 1638437822.5469596}
{"type": "train", "session": 7, "data": {"loss": {"B": 4.58391, "M": 4.83466, "C": 11.12869, "S": 3.92527, "T": 24.47253}, "epoch": 0, "iter": 24, "lr": 5.72e-05, "elapsed": 0.5920417308807373}, "time": 1638437823.1389809}
{"type": "train", "session": 7, "data": {"loss": {"B": 4.29227, "M": 4.56465, "C": 10.82734, "S": 3.79048, "T": 23.47475}, "epoch": 0, "iter": 25, "lr": 5.75e-05, "elapsed": 0.4937102794647217}, "time": 1638437823.632719}
{"type": "train", "session": 7, "data": {"loss": {"B": 4.35806, "M": 4.84351, "C": 10.74959, "S": 3.49785, "T": 23.44901}, "epoch": 0, "iter": 26, "lr": 5.78e-05, "elapsed": 0.5603175163269043}, "time": 1638437824.1929896}
{"type": "train", "session": 7, "data": {"loss": {"B": 4.08813, "M": 4.77227, "C": 10.47629, "S": 3.38037, "T": 22.71706}, "epoch": 0, "iter": 27, "lr": 5.81e-05, "elapsed": 0.6102814674377441}, "time": 1638437824.803286}
{"type": "train", "session": 7, "data": {"loss": {"B": 4.43862, "M": 4.66286, "C": 10.58863, "S": 3.07881, "T": 22.76892}, "epoch": 0, "iter": 28, "lr": 5.84e-05, "elapsed": 0.4961085319519043}, "time": 1638437825.2993898}
{"type": "train", "session": 7, "data": {"loss": {"B": 4.30039, "M": 4.62435, "C": 10.34032, "S": 3.05165, "T": 22.3167}, "epoch": 0, "iter": 29, "lr": 5.87e-05, "elapsed": 0.56429123878479}, "time": 1638437825.8636777}
{"type": "train", "session": 7, "data": {"loss": {"B": 4.18294, "M": 4.42285, "C": 10.50256, "S": 3.09935, "T": 22.2077}, "epoch": 0, "iter": 30, "lr": 5.9e-05, "elapsed": 0.440640926361084}, "time": 1638437826.3044314}
{"type": "train", "session": 7, "data": {"loss": {"B": 3.95833, "M": 4.9471, "C": 10.23949, "S": 2.57755, "T": 21.72247}, "epoch": 0, "iter": 31, "lr": 5.93e-05, "elapsed": 0.546093225479126}, "time": 1638437826.8504527}
{"type": "train", "session": 7, "data": {"loss": {"B": 4.02886, "M": 4.60562, "C": 10.0863, "S": 2.72724, "T": 21.44802}, "epoch": 0, "iter": 32, "lr": 5.96e-05, "elapsed": 0.5753724575042725}, "time": 1638437827.4257953}
{"type": "train", "session": 7, "data": {"loss": {"B": 4.29686, "M": 4.82569, "C": 10.22524, "S": 2.41218, "T": 21.75997}, "epoch": 0, "iter": 33, "lr": 5.99e-05, "elapsed": 0.5989992618560791}, "time": 1638437828.0248008}
{"type": "train", "session": 7, "data": {"loss": {"B": 4.10186, "M": 4.65564, "C": 10.1996, "S": 2.47546, "T": 21.43257}, "epoch": 0, "iter": 34, "lr": 6.02e-05, "elapsed": 0.5045320987701416}, "time": 1638437828.5293274}
{"type": "train", "session": 7, "data": {"loss": {"B": 4.4365, "M": 4.71528, "C": 10.01777, "S": 2.21585, "T": 21.3854}, "epoch": 0, "iter": 35, "lr": 6.05e-05, "elapsed": 0.6489894390106201}, "time": 1638437829.1783667}
{"type": "train", "session": 7, "data": {"loss": {"B": 4.50489, "M": 5.02495, "C": 10.15539, "S": 2.05355, "T": 21.73879}, "epoch": 0, "iter": 36, "lr": 6.08e-05, "elapsed": 0.6588954925537109}, "time": 1638437829.8371894}
{"type": "train", "session": 7, "data": {"loss": {"B": 3.8827, "M": 4.86492, "C": 9.92261, "S": 2.31675, "T": 20.98699}, "epoch": 0, "iter": 37, "lr": 6.11e-05, "elapsed": 0.47956013679504395}, "time": 1638437830.3168163}
{"type": "train", "session": 7, "data": {"loss": {"B": 4.23813, "M": 4.82836, "C": 9.89693, "S": 1.96578, "T": 20.9292}, "epoch": 0, "iter": 38, "lr": 6.14e-05, "elapsed": 0.4513363838195801}, "time": 1638437830.768119}
{"type": "train", "session": 7, "data": {"loss": {"B": 4.25788, "M": 4.60264, "C": 9.81046, "S": 2.19635, "T": 20.86732}, "epoch": 0, "iter": 39, "lr": 6.17e-05, "elapsed": 0.5472836494445801}, "time": 1638437831.3153667}
{"type": "train", "session": 7, "data": {"loss": {"B": 4.18477, "M": 4.93214, "C": 9.60269, "S": 1.79949, "T": 20.51908}, "epoch": 0, "iter": 40, "lr": 6.2e-05, "elapsed": 0.7545089721679688}, "time": 1638437832.069976}
{"type": "train", "session": 7, "data": {"loss": {"B": 4.02251, "M": 4.72767, "C": 9.71587, "S": 2.00079, "T": 20.46685}, "epoch": 0, "iter": 41, "lr": 6.23e-05, "elapsed": 0.5956196784973145}, "time": 1638437832.6655035}
{"type": "train", "session": 7, "data": {"loss": {"B": 4.07556, "M": 4.57695, "C": 9.31624, "S": 1.97327, "T": 19.94202}, "epoch": 0, "iter": 42, "lr": 6.26e-05, "elapsed": 0.62735915184021}, "time": 1638437833.29287}
{"type": "train", "session": 7, "data": {"loss": {"B": 3.94117, "M": 4.31256, "C": 9.83569, "S": 2.17797, "T": 20.2674}, "epoch": 0, "iter": 43, "lr": 6.29e-05, "elapsed": 0.576998233795166}, "time": 1638437833.8698983}
{"type": "train", "session": 7, "data": {"loss": {"B": 4.07652, "M": 4.73916, "C": 9.62266, "S": 1.74205, "T": 20.1804}, "epoch": 0, "iter": 44, "lr": 6.32e-05, "elapsed": 0.6978001594543457}, "time": 1638437834.5677001}
{"type": "train", "session": 7, "data": {"loss": {"B": 3.86283, "M": 4.70266, "C": 9.91832, "S": 1.4858, "T": 19.96961}, "epoch": 0, "iter": 45, "lr": 6.35e-05, "elapsed": 0.6255512237548828}, "time": 1638437835.1932516}
{"type": "train", "session": 7, "data": {"loss": {"B": 3.94752, "M": 4.6007, "C": 9.06484, "S": 1.92047, "T": 19.53352}, "epoch": 0, "iter": 46, "lr": 6.38e-05, "elapsed": 0.6085877418518066}, "time": 1638437835.8018441}
{"type": "train", "session": 7, "data": {"loss": {"B": 3.78622, "M": 4.52085, "C": 9.24823, "S": 2.16842, "T": 19.72373}, "epoch": 0, "iter": 47, "lr": 6.41e-05, "elapsed": 0.6626486778259277}, "time": 1638437836.4644442}
{"type": "train", "session": 7, "data": {"loss": {"B": 3.97419, "M": 4.70036, "C": 9.33197, "S": 1.70225, "T": 19.70878}, "epoch": 0, "iter": 48, "lr": 6.44e-05, "elapsed": 0.6576886177062988}, "time": 1638437837.1221297}
{"type": "train", "session": 7, "data": {"loss": {"B": 4.06447, "M": 5.15386, "C": 9.4937, "S": 1.537, "T": 20.24904}, "epoch": 0, "iter": 49, "lr": 6.47e-05, "elapsed": 0.5764353275299072}, "time": 1638437837.6985908}
{"type": "train", "session": 7, "data": {"loss": {"B": 4.97429, "M": 5.09799, "C": 9.35346, "S": 1.98858, "T": 21.41432}, "epoch": 0, "iter": 50, "lr": 6.5e-05, "elapsed": 0.5376968383789062}, "time": 1638437838.2364457}
{"type": "train", "session": 7, "data": {"loss": {"B": 4.21679, "M": 4.70714, "C": 9.49182, "S": 1.62588, "T": 20.04164}, "epoch": 0, "iter": 51, "lr": 6.53e-05, "elapsed": 0.5596325397491455}, "time": 1638437838.795919}
{"type": "train", "session": 7, "data": {"loss": {"B": 4.15053, "M": 4.73463, "C": 9.0271, "S": 1.60901, "T": 19.52126}, "epoch": 0, "iter": 52, "lr": 6.56e-05, "elapsed": 0.5270390510559082}, "time": 1638437839.322954}
{"type": "train", "session": 7, "data": {"loss": {"B": 4.0285, "M": 4.66493, "C": 9.13762, "S": 1.40869, "T": 19.23974}, "epoch": 0, "iter": 53, "lr": 6.59e-05, "elapsed": 0.6594283580780029}, "time": 1638437839.9824421}
{"type": "train", "session": 7, "data": {"loss": {"B": 4.00186, "M": 4.59171, "C": 8.74375, "S": 1.58498, "T": 18.92229}, "epoch": 0, "iter": 54, "lr": 6.62e-05, "elapsed": 0.7031371593475342}, "time": 1638437840.6855545}
{"type": "train", "session": 7, "data": {"loss": {"B": 4.10907, "M": 4.81078, "C": 9.08679, "S": 1.27074, "T": 19.27737}, "epoch": 0, "iter": 55, "lr": 6.65e-05, "elapsed": 0.5390641689300537}, "time": 1638437841.2245965}
{"type": "train", "session": 7, "data": {"loss": {"B": 3.99871, "M": 4.44384, "C": 8.77498, "S": 1.51182, "T": 18.72936}, "epoch": 0, "iter": 56, "lr": 6.68e-05, "elapsed": 0.5293300151824951}, "time": 1638437841.7538984}
{"type": "train", "session": 7, "data": {"loss": {"B": 3.96005, "M": 4.52208, "C": 8.69675, "S": 1.57231, "T": 18.75119}, "epoch": 0, "iter": 57, "lr": 6.71e-05, "elapsed": 0.6088442802429199}, "time": 1638437842.362779}
{"type": "train", "session": 7, "data": {"loss": {"B": 3.92851, "M": 4.73232, "C": 8.86177, "S": 1.47884, "T": 19.00144}, "epoch": 0, "iter": 58, "lr": 6.74e-05, "elapsed": 0.6267850399017334}, "time": 1638437842.9895527}
{"type": "train", "session": 7, "data": {"loss": {"B": 4.21271, "M": 4.74238, "C": 8.71249, "S": 1.52172, "T": 19.1893}, "epoch": 0, "iter": 59, "lr": 6.77e-05, "elapsed": 0.7222199440002441}, "time": 1638437843.7117877}
{"type": "train", "session": 7, "data": {"loss": {"B": 3.9938, "M": 4.5928, "C": 8.89188, "S": 1.72267, "T": 19.20115}, "epoch": 0, "iter": 60, "lr": 6.8e-05, "elapsed": 0.6858887672424316}, "time": 1638437844.3977761}
{"type": "train", "session": 7, "data": {"loss": {"B": 3.80677, "M": 4.79787, "C": 8.35041, "S": 1.32979, "T": 18.28484}, "epoch": 0, "iter": 61, "lr": 6.83e-05, "elapsed": 0.594268798828125}, "time": 1638437844.9920309}
{"type": "train", "session": 7, "data": {"loss": {"B": 3.86746, "M": 4.71358, "C": 8.30431, "S": 1.49606, "T": 18.38141}, "epoch": 0, "iter": 62, "lr": 6.86e-05, "elapsed": 0.6200039386749268}, "time": 1638437845.6119716}
{"type": "train", "session": 7, "data": {"loss": {"B": 4.02887, "M": 4.55345, "C": 8.15932, "S": 1.42279, "T": 18.16444}, "epoch": 0, "iter": 63, "lr": 6.89e-05, "elapsed": 0.5937113761901855}, "time": 1638437846.2056594}
{"type": "train", "session": 7, "data": {"loss": {"B": 4.02931, "M": 4.63896, "C": 8.44063, "S": 1.56045, "T": 18.66935}, "epoch": 0, "iter": 64, "lr": 6.92e-05, "elapsed": 0.5928869247436523}, "time": 1638437846.7985392}
{"type": "train", "session": 7, "data": {"loss": {"B": 3.96414, "M": 4.38096, "C": 8.15812, "S": 1.76625, "T": 18.26946}, "epoch": 0, "iter": 65, "lr": 6.95e-05, "elapsed": 0.6277458667755127}, "time": 1638437847.426473}
{"type": "train", "session": 7, "data": {"loss": {"B": 3.92542, "M": 4.61973, "C": 8.32951, "S": 1.41788, "T": 18.29254}, "epoch": 0, "iter": 66, "lr": 6.98e-05, "elapsed": 0.6485440731048584}, "time": 1638437848.0748086}
{"type": "train", "session": 7, "data": {"loss": {"B": 4.02202, "M": 4.8698, "C": 7.99347, "S": 1.56242, "T": 18.44772}, "epoch": 0, "iter": 67, "lr": 7.01e-05, "elapsed": 0.651315450668335}, "time": 1638437848.7261522}
{"type": "train", "session": 7, "data": {"loss": {"B": 4.0921, "M": 4.59546, "C": 8.12141, "S": 1.22519, "T": 18.03416}, "epoch": 0, "iter": 68, "lr": 7.04e-05, "elapsed": 0.5390431880950928}, "time": 1638437849.2651823}
{"type": "train", "session": 7, "data": {"loss": {"B": 3.65619, "M": 4.48133, "C": 7.72074, "S": 1.53694, "T": 17.39519}, "epoch": 0, "iter": 69, "lr": 7.07e-05, "elapsed": 0.5930900573730469}, "time": 1638437849.8582802}
{"type": "train", "session": 7, "data": {"loss": {"B": 4.21435, "M": 4.83861, "C": 8.31122, "S": 1.13033, "T": 18.49451}, "epoch": 0, "iter": 70, "lr": 7.1e-05, "elapsed": 0.6100335121154785}, "time": 1638437850.4684672}
{"type": "train", "session": 7, "data": {"loss": {"B": 4.02888, "M": 4.72356, "C": 8.10897, "S": 1.30375, "T": 18.16516}, "epoch": 0, "iter": 71, "lr": 7.13e-05, "elapsed": 0.6036076545715332}, "time": 1638437851.0718904}
{"type": "train", "session": 7, "data": {"loss": {"B": 4.01621, "M": 4.80706, "C": 7.76284, "S": 1.18866, "T": 17.77478}, "epoch": 0, "iter": 72, "lr": 7.16e-05, "elapsed": 0.6613345146179199}, "time": 1638437851.733258}
{"type": "train", "session": 7, "data": {"loss": {"B": 4.25898, "M": 4.80585, "C": 7.99579, "S": 1.44275, "T": 18.50338}, "epoch": 0, "iter": 73, "lr": 7.19e-05, "elapsed": 0.6918001174926758}, "time": 1638437852.4251084}
{"type": "train", "session": 7, "data": {"loss": {"B": 3.95235, "M": 4.68035, "C": 7.52516, "S": 1.36663, "T": 17.52449}, "epoch": 0, "iter": 74, "lr": 7.22e-05, "elapsed": 0.631514310836792}, "time": 1638437853.0565577}
{"type": "train", "session": 7, "data": {"loss": {"B": 4.08533, "M": 4.86689, "C": 7.67907, "S": 1.14253, "T": 17.77382}, "epoch": 0, "iter": 75, "lr": 7.25e-05, "elapsed": 0.609950065612793}, "time": 1638437853.6665144}
{"type": "train", "session": 7, "data": {"loss": {"B": 3.58732, "M": 4.69626, "C": 7.37934, "S": 1.60703, "T": 17.26995}, "epoch": 0, "iter": 76, "lr": 7.28e-05, "elapsed": 0.9015531539916992}, "time": 1638437854.5680678}
{"type": "train", "session": 7, "data": {"loss": {"B": 3.88627, "M": 4.71032, "C": 7.36315, "S": 1.2307, "T": 17.19044}, "epoch": 0, "iter": 77, "lr": 7.31e-05, "elapsed": 0.7331149578094482}, "time": 1638437855.3021176}
{"type": "train", "session": 7, "data": {"loss": {"B": 3.83229, "M": 4.6612, "C": 7.80548, "S": 1.50341, "T": 17.80238}, "epoch": 0, "iter": 78, "lr": 7.34e-05, "elapsed": 0.7135279178619385}, "time": 1638437856.0147376}
{"type": "train", "session": 7, "data": {"loss": {"B": 3.65494, "M": 4.74492, "C": 7.3879, "S": 1.48738, "T": 17.27514}, "epoch": 0, "iter": 79, "lr": 7.37e-05, "elapsed": 0.7456767559051514}, "time": 1638437856.7604315}
{"type": "train", "session": 7, "data": {"loss": {"B": 3.57741, "M": 4.39121, "C": 7.56009, "S": 1.64389, "T": 17.1726}, "epoch": 0, "iter": 80, "lr": 7.4e-05, "elapsed": 0.6282331943511963}, "time": 1638437857.388851}
{"type": "train", "session": 7, "data": {"loss": {"B": 3.70382, "M": 4.5777, "C": 7.33941, "S": 1.49052, "T": 17.11145}, "epoch": 0, "iter": 81, "lr": 7.43e-05, "elapsed": 0.6278214454650879}, "time": 1638437858.0164676}
{"type": "train", "session": 7, "data": {"loss": {"B": 3.47782, "M": 4.55834, "C": 7.46232, "S": 1.47814, "T": 16.97661}, "epoch": 0, "iter": 82, "lr": 7.46e-05, "elapsed": 0.7333707809448242}, "time": 1638437858.749817}
{"type": "train", "session": 7, "data": {"loss": {"B": 3.79067, "M": 4.60859, "C": 7.41131, "S": 1.44667, "T": 17.25724}, "epoch": 0, "iter": 83, "lr": 7.49e-05, "elapsed": 0.5883188247680664}, "time": 1638437859.3381338}
{"type": "train", "session": 7, "data": {"loss": {"B": 3.59816, "M": 4.55359, "C": 7.48598, "S": 1.40038, "T": 17.03812}, "epoch": 0, "iter": 84, "lr": 7.52e-05, "elapsed": 0.7795915603637695}, "time": 1638437860.1177068}
{"type": "train", "session": 7, "data": {"loss": {"B": 3.76331, "M": 4.53004, "C": 7.48509, "S": 1.22909, "T": 17.00752}, "epoch": 0, "iter": 85, "lr": 7.55e-05, "elapsed": 0.5726423263549805}, "time": 1638437860.6903484}
{"type": "train", "session": 7, "data": {"loss": {"B": 4.09039, "M": 4.85911, "C": 7.76219, "S": 1.22501, "T": 17.9367}, "epoch": 0, "iter": 86, "lr": 7.58e-05, "elapsed": 0.5600965023040771}, "time": 1638437861.2504528}
{"type": "train", "session": 7, "data": {"loss": {"B": 3.64088, "M": 4.66583, "C": 7.46899, "S": 1.22859, "T": 17.00429}, "epoch": 0, "iter": 87, "lr": 7.61e-05, "elapsed": 0.6633543968200684}, "time": 1638437861.9138622}
{"type": "train", "session": 7, "data": {"loss": {"B": 4.08854, "M": 4.73443, "C": 7.0676, "S": 1.22525, "T": 17.11583}, "epoch": 0, "iter": 88, "lr": 7.64e-05, "elapsed": 0.7329442501068115}, "time": 1638437862.6467514}
{"type": "train", "session": 7, "data": {"loss": {"B": 3.30208, "M": 4.19334, "C": 7.33265, "S": 1.82334, "T": 16.65141}, "epoch": 0, "iter": 89, "lr": 7.67e-05, "elapsed": 0.7862045764923096}, "time": 1638437863.4329655}
{"type": "train", "session": 7, "data": {"loss": {"B": 4.02556, "M": 4.76292, "C": 7.18901, "S": 1.09151, "T": 17.069}, "epoch": 0, "iter": 90, "lr": 7.7e-05, "elapsed": 0.6660008430480957}, "time": 1638437864.0990653}
{"type": "train", "session": 7, "data": {"loss": {"B": 3.75563, "M": 4.51362, "C": 6.7943, "S": 1.57611, "T": 16.63965}, "epoch": 0, "iter": 91, "lr": 7.73e-05, "elapsed": 0.7070891857147217}, "time": 1638437864.806067}
{"type": "train", "session": 7, "data": {"loss": {"B": 4.07614, "M": 4.74176, "C": 7.1942, "S": 1.28339, "T": 17.2955}, "epoch": 0, "iter": 92, "lr": 7.76e-05, "elapsed": 0.6680576801300049}, "time": 1638437865.4741094}
{"type": "train", "session": 7, "data": {"loss": {"B": 3.49575, "M": 4.70416, "C": 6.7329, "S": 1.42188, "T": 16.35469}, "epoch": 0, "iter": 93, "lr": 7.79e-05, "elapsed": 0.6932685375213623}, "time": 1638437866.1673524}
{"type": "train", "session": 7, "data": {"loss": {"B": 4.08144, "M": 4.78024, "C": 6.53301, "S": 1.12278, "T": 16.51748}, "epoch": 0, "iter": 94, "lr": 7.82e-05, "elapsed": 0.6019182205200195}, "time": 1638437866.7692919}
{"type": "train", "session": 7, "data": {"loss": {"B": 4.07006, "M": 4.70116, "C": 6.74868, "S": 1.28966, "T": 16.80956}, "epoch": 0, "iter": 95, "lr": 7.85e-05, "elapsed": 0.8408293724060059}, "time": 1638437867.610184}
{"type": "train", "session": 7, "data": {"loss": {"B": 3.88363, "M": 4.96819, "C": 6.90405, "S": 1.21749, "T": 16.97335}, "epoch": 0, "iter": 96, "lr": 7.88e-05, "elapsed": 0.6468544006347656}, "time": 1638437868.2569888}
{"type": "train", "session": 7, "data": {"loss": {"B": 3.56249, "M": 4.60619, "C": 6.27102, "S": 1.33352, "T": 15.77322}, "epoch": 0, "iter": 97, "lr": 7.91e-05, "elapsed": 0.599109411239624}, "time": 1638437868.8560882}
{"type": "train", "session": 7, "data": {"loss": {"B": 3.58966, "M": 4.66473, "C": 6.78441, "S": 1.2199, "T": 16.2587}, "epoch": 0, "iter": 98, "lr": 7.94e-05, "elapsed": 0.6382317543029785}, "time": 1638437869.4943006}
{"type": "train", "session": 7, "data": {"loss": {"B": 3.52384, "M": 4.67008, "C": 6.99101, "S": 1.23614, "T": 16.42106}, "epoch": 0, "iter": 99, "lr": 7.97e-05, "elapsed": 0.6980099678039551}, "time": 1638437870.1923773}
{"type": "train", "session": 7, "data": {"loss": {"B": 3.88635, "M": 4.69182, "C": 6.58937, "S": 1.16352, "T": 16.33106}, "epoch": 0, "iter": 100, "lr": 8e-05, "elapsed": 0.6055278778076172}, "time": 1638437870.7980065}
{"type": "train", "session": 7, "data": {"loss": {"B": 3.85748, "M": 4.92743, "C": 6.48078, "S": 1.02463, "T": 16.29031}, "epoch": 0, "iter": 101, "lr": 8.03e-05, "elapsed": 0.6171157360076904}, "time": 1638437871.4149914}
{"type": "train", "session": 7, "data": {"loss": {"B": 3.76972, "M": 4.65448, "C": 6.57382, "S": 1.49341, "T": 16.49143}, "epoch": 0, "iter": 102, "lr": 8.06e-05, "elapsed": 0.7055385112762451}, "time": 1638437872.1205127}
{"type": "train", "session": 7, "data": {"loss": {"B": 3.84569, "M": 4.9062, "C": 6.14068, "S": 1.51805, "T": 16.41063}, "epoch": 0, "iter": 103, "lr": 8.09e-05, "elapsed": 0.6477406024932861}, "time": 1638437872.768283}
{"type": "train", "session": 7, "data": {"loss": {"B": 3.93359, "M": 4.64538, "C": 6.39051, "S": 1.15455, "T": 16.12403}, "epoch": 0, "iter": 104, "lr": 8.12e-05, "elapsed": 0.7217974662780762}, "time": 1638437873.4900494}
{"type": "train", "session": 7, "data": {"loss": {"B": 3.71416, "M": 4.54166, "C": 6.50264, "S": 1.38593, "T": 16.14439}, "epoch": 0, "iter": 105, "lr": 8.15e-05, "elapsed": 0.5678629875183105}, "time": 1638437874.0579088}
{"type": "train", "session": 7, "data": {"loss": {"B": 3.89333, "M": 4.75267, "C": 6.85574, "S": 1.25731, "T": 16.75905}, "epoch": 0, "iter": 106, "lr": 8.18e-05, "elapsed": 0.7324333190917969}, "time": 1638437874.790351}
{"type": "train", "session": 7, "data": {"loss": {"B": 3.72959, "M": 4.691, "C": 6.63302, "S": 1.49276, "T": 16.54638}, "epoch": 0, "iter": 107, "lr": 8.21e-05, "elapsed": 0.677997350692749}, "time": 1638437875.4683645}
{"type": "train", "session": 7, "data": {"loss": {"B": 3.89436, "M": 4.73739, "C": 6.21287, "S": 0.95004, "T": 15.79467}, "epoch": 0, "iter": 108, "lr": 8.24e-05, "elapsed": 0.6867077350616455}, "time": 1638437876.1550624}
{"type": "train", "session": 7, "data": {"loss": {"B": 3.69564, "M": 4.55348, "C": 6.63431, "S": 1.23153, "T": 16.11497}, "epoch": 0, "iter": 109, "lr": 8.27e-05, "elapsed": 0.5555758476257324}, "time": 1638437876.7106624}
{"type": "train", "session": 7, "data": {"loss": {"B": 4.20385, "M": 4.75866, "C": 6.48183, "S": 1.10793, "T": 16.55228}, "epoch": 0, "iter": 110, "lr": 8.3e-05, "elapsed": 0.5283122062683105}, "time": 1638437877.239021}
{"type": "train", "session": 7, "data": {"loss": {"B": 3.6964, "M": 4.69186, "C": 6.36319, "S": 1.34366, "T": 16.09513}, "epoch": 0, "iter": 111, "lr": 8.33e-05, "elapsed": 0.6148111820220947}, "time": 1638437877.8537705}
{"type": "train", "session": 7, "data": {"loss": {"B": 3.36495, "M": 4.55952, "C": 6.12541, "S": 1.51145, "T": 15.56134}, "epoch": 0, "iter": 112, "lr": 8.36e-05, "elapsed": 0.5794768333435059}, "time": 1638437878.4332042}
{"type": "train", "session": 7, "data": {"loss": {"B": 3.3363, "M": 4.5306, "C": 6.03322, "S": 1.19231, "T": 15.09242}, "epoch": 0, "iter": 113, "lr": 8.39e-05, "elapsed": 0.813861608505249}, "time": 1638437879.2470915}
{"type": "train", "session": 7, "data": {"loss": {"B": 3.98833, "M": 5.01649, "C": 6.31279, "S": 1.01635, "T": 16.33396}, "epoch": 0, "iter": 114, "lr": 8.42e-05, "elapsed": 0.6582751274108887}, "time": 1638437879.9055786}
{"type": "train", "session": 7, "data": {"loss": {"B": 3.66911, "M": 4.57208, "C": 5.82685, "S": 1.0907, "T": 15.15874}, "epoch": 0, "iter": 115, "lr": 8.45e-05, "elapsed": 0.5970315933227539}, "time": 1638437880.5023777}
{"type": "train", "session": 7, "data": {"loss": {"B": 3.81897, "M": 4.56936, "C": 5.63942, "S": 1.09457, "T": 15.12233}, "epoch": 0, "iter": 116, "lr": 8.48e-05, "elapsed": 0.731572151184082}, "time": 1638437881.2339427}
{"type": "train", "session": 7, "data": {"loss": {"B": 3.62138, "M": 4.55758, "C": 6.68393, "S": 1.01136, "T": 15.87425}, "epoch": 0, "iter": 117, "lr": 8.51e-05, "elapsed": 0.5996968746185303}, "time": 1638437881.8336895}
{"type": "train", "session": 7, "data": {"loss": {"B": 3.83557, "M": 4.66161, "C": 6.6131, "S": 1.17629, "T": 16.28656}, "epoch": 0, "iter": 118, "lr": 8.54e-05, "elapsed": 0.5547008514404297}, "time": 1638437882.3883617}
{"type": "train", "session": 7, "data": {"loss": {"B": 3.76302, "M": 4.58424, "C": 6.12438, "S": 1.20557, "T": 15.67721}, "epoch": 0, "iter": 119, "lr": 8.57e-05, "elapsed": 0.6656458377838135}, "time": 1638437883.054079}
{"type": "train", "session": 7, "data": {"loss": {"B": 4.06065, "M": 4.55871, "C": 5.99415, "S": 1.27901, "T": 15.89252}, "epoch": 0, "iter": 120, "lr": 8.6e-05, "elapsed": 0.7057836055755615}, "time": 1638437883.7602742}
{"type": "train", "session": 7, "data": {"loss": {"B": 3.76721, "M": 4.89111, "C": 6.53889, "S": 0.88555, "T": 16.08276}, "epoch": 0, "iter": 121, "lr": 8.63e-05, "elapsed": 0.6394190788269043}, "time": 1638437884.399221}
{"type": "train", "session": 7, "data": {"loss": {"B": 3.94207, "M": 4.60815, "C": 6.33693, "S": 1.14586, "T": 16.03301}, "epoch": 0, "iter": 122, "lr": 8.66e-05, "elapsed": 0.6120336055755615}, "time": 1638437885.011269}
{"type": "train", "session": 7, "data": {"loss": {"B": 3.62341, "M": 4.45619, "C": 6.02399, "S": 1.24738, "T": 15.35096}, "epoch": 0, "iter": 123, "lr": 8.69e-05, "elapsed": 0.6141185760498047}, "time": 1638437885.6253738}
{"type": "train", "session": 7, "data": {"loss": {"B": 4.06371, "M": 4.7161, "C": 6.31265, "S": 1.09737, "T": 16.18983}, "epoch": 0, "iter": 124, "lr": 8.72e-05, "elapsed": 0.657860517501831}, "time": 1638437886.2832272}
{"type": "train", "session": 7, "data": {"loss": {"B": 3.93103, "M": 4.57784, "C": 6.12629, "S": 1.00814, "T": 15.6433}, "epoch": 0, "iter": 125, "lr": 8.75e-05, "elapsed": 0.6363334655761719}, "time": 1638437886.919574}
{"type": "train", "session": 7, "data": {"loss": {"B": 3.585, "M": 4.37795, "C": 6.34203, "S": 1.5199, "T": 15.82488}, "epoch": 0, "iter": 126, "lr": 8.78e-05, "elapsed": 0.6360154151916504}, "time": 1638437887.555566}
{"type": "train", "session": 7, "data": {"loss": {"B": 3.27604, "M": 4.42107, "C": 6.27056, "S": 1.53383, "T": 15.5015}, "epoch": 0, "iter": 127, "lr": 8.81e-05, "elapsed": 0.7156040668487549}, "time": 1638437888.2711864}
{"type": "train", "session": 7, "data": {"loss": {"B": 3.26901, "M": 4.61901, "C": 6.18114, "S": 1.50927, "T": 15.57843}, "epoch": 0, "iter": 128, "lr": 8.84e-05, "elapsed": 0.6599135398864746}, "time": 1638437888.9311202}
